[debug] [2023-02-19T02:55:11.786Z] ----------------------------------------------------------------------
[debug] [2023-02-19T02:55:11.791Z] Command:       C:\Program Files\nodejs\node.exe C:\Users\Lenovo\AppData\Roaming\npm\node_modules\firebase-tools\lib\bin\firebase.js init
[debug] [2023-02-19T02:55:11.792Z] CLI Version:   11.23.1
[debug] [2023-02-19T02:55:11.792Z] Platform:      win32
[debug] [2023-02-19T02:55:11.792Z] Node Version:  v18.14.1
[debug] [2023-02-19T02:55:11.796Z] Time:          Sun Feb 19 2023 08:25:11 GMT+0530 (India Standard Time)
[debug] [2023-02-19T02:55:11.796Z] ----------------------------------------------------------------------
[debug] 
[debug] [2023-02-19T02:55:11.812Z] > command requires scopes: ["email","openid","https://www.googleapis.com/auth/cloudplatformprojects.readonly","https://www.googleapis.com/auth/firebase","https://www.googleapis.com/auth/cloud-platform"]
[debug] [2023-02-19T02:55:11.813Z] > authorizing via signed-in user (divyapr389@gmail.com)
[info] 
     ######## #### ########  ######## ########     ###     ######  ########
     ##        ##  ##     ## ##       ##     ##  ##   ##  ##       ##
     ######    ##  ########  ######   ########  #########  ######  ######
     ##        ##  ##    ##  ##       ##     ## ##     ##       ## ##
     ##       #### ##     ## ######## ########  ##     ##  ######  ########

You're about to initialize a Firebase project in this directory:

  C:\Users\Lenovo\Desktop\AKHILESH VERTIGO

[info] 
=== Project Setup
[info] 
[info] First, let's associate this project directory with a Firebase project.
[info] You can create multiple project aliases by running firebase use --add, 
[info] but for now we'll just set up a default project.
[info] 
[debug] [2023-02-19T02:57:10.355Z] >>> [apiv2][query] GET https://firebase.googleapis.com/v1beta1/projects pageSize=100
[debug] [2023-02-19T02:57:11.583Z] <<< [apiv2][status] GET https://firebase.googleapis.com/v1beta1/projects 200
[debug] [2023-02-19T02:57:11.584Z] <<< [apiv2][body] GET https://firebase.googleapis.com/v1beta1/projects [omitted]
[info] i  Using project myfirstweb-2087f (Myfirstweb) 
[info] 
=== Hosting Setup
[info] 
[info] Your public directory is the folder (relative to your project directory) that
[info] will contain Hosting assets to be uploaded with firebase deploy. If you
[info] have a build process for your assets, use your build's output directory.
[info] 
[info] +  Wrote Y/404.html 
[debug] [2023-02-19T03:01:32.657Z] >>> [apiv2][query] GET https://www.gstatic.com/firebasejs/releases.json [none]
[debug] [2023-02-19T03:01:32.755Z] <<< [apiv2][status] GET https://www.gstatic.com/firebasejs/releases.json 200
[debug] [2023-02-19T03:01:32.756Z] <<< [apiv2][body] GET https://www.gstatic.com/firebasejs/releases.json {"current":{"version":"9.17.1","browserURL":"https://www.gstatic.com/firebasejs/9.17.1/firebase.js","packageURL":"https://www.gstatic.com/firebasejs/9.17.1/firebase.tgz"},"live":{"version":"9.17","browserURL":"https://www.gstatic.com/firebasejs/live/9.17/firebase.js","packageURL":"https://www.gstatic.com/firebasejs/live/9.17/firebase.tgz"},"components":{"analytics":"https://www.gstatic.com/firebasejs/9.17.1/firebase-analytics.js","app":"https://www.gstatic.com/firebasejs/9.17.1/firebase-app.js","app-check":"https://www.gstatic.com/firebasejs/9.17.1/firebase-app-check.js","auth":"https://www.gstatic.com/firebasejs/9.17.1/firebase-auth.js","auth/cordova":"https://www.gstatic.com/firebasejs/9.17.1/firebase-auth/cordova.js","auth/react-native":"https://www.gstatic.com/firebasejs/9.17.1/firebase-auth/react-native.js","functions":"https://www.gstatic.com/firebasejs/9.17.1/firebase-functions.js","firestore":"https://www.gstatic.com/firebasejs/9.17.1/firebase-firestore.js","firestore/lite":"https://www.gstatic.com/firebasejs/9.17.1/firebase-firestore/lite.js","installations":"https://www.gstatic.com/firebasejs/9.17.1/firebase-installations.js","storage":"https://www.gstatic.com/firebasejs/9.17.1/firebase-storage.js","performance":"https://www.gstatic.com/firebasejs/9.17.1/firebase-performance.js","remote-config":"https://www.gstatic.com/firebasejs/9.17.1/firebase-remote-config.js","messaging":"https://www.gstatic.com/firebasejs/9.17.1/firebase-messaging.js","messaging/sw":"https://www.gstatic.com/firebasejs/9.17.1/firebase-messaging/sw.js","database":"https://www.gstatic.com/firebasejs/9.17.1/firebase-database.js","firestore.memory":"https://www.gstatic.com/firebasejs/9.17.1/firebase-firestore.memory.js"}}
[info] +  Wrote Y/index.html 
[info] 
[info] i  Writing configuration info to firebase.json... 
[info] i  Writing project information to .firebaserc... 
[info] i  Writing gitignore file to .gitignore... 
[info] 
[info] +  Firebase initialization complete! 
